=/pretest.json
{
  _: [],
  f: [
    '/home/runner/work/exp-unsorted-arrays-iiith/exp-unsorted-arrays-iiith/experiment/pretest.json'
  ],
  files: [
    '/home/runner/work/exp-unsorted-arrays-iiith/exp-unsorted-arrays-iiith/experiment/pretest.json'
  ],
  c: 'assessment',
  contentTypes: 'assessment',
  'content-types': 'assessment',
  '$0': 'validate'
}
Validated true
=/linear-search/linear-search-quiz.json
{
  _: [],
  f: [
    '/home/runner/work/exp-unsorted-arrays-iiith/exp-unsorted-arrays-iiith/experiment/linear-search/linear-search-quiz.json'
  ],
  files: [
    '/home/runner/work/exp-unsorted-arrays-iiith/exp-unsorted-arrays-iiith/experiment/linear-search/linear-search-quiz.json'
  ],
  c: 'assessment',
  contentTypes: 'assessment',
  'content-types': 'assessment',
  '$0': 'validate'
}
Validated true
=/binary-search/binary-search-quiz.json
{
  _: [],
  f: [
    '/home/runner/work/exp-unsorted-arrays-iiith/exp-unsorted-arrays-iiith/experiment/binary-search/binary-search-quiz.json'
  ],
  files: [
    '/home/runner/work/exp-unsorted-arrays-iiith/exp-unsorted-arrays-iiith/experiment/binary-search/binary-search-quiz.json'
  ],
  c: 'assessment',
  contentTypes: 'assessment',
  'content-types': 'assessment',
  '$0': 'validate'
}
Validated true
=/analysis/analysis-quiz.json
{
  _: [],
  f: [
    '/home/runner/work/exp-unsorted-arrays-iiith/exp-unsorted-arrays-iiith/experiment/analysis/analysis-quiz.json'
  ],
  files: [
    '/home/runner/work/exp-unsorted-arrays-iiith/exp-unsorted-arrays-iiith/experiment/analysis/analysis-quiz.json'
  ],
  c: 'assessment',
  contentTypes: 'assessment',
  'content-types': 'assessment',
  '$0': 'validate'
}
Validated true
=/posttest.json
{
  _: [],
  f: [
    '/home/runner/work/exp-unsorted-arrays-iiith/exp-unsorted-arrays-iiith/experiment/posttest.json'
  ],
  files: [
    '/home/runner/work/exp-unsorted-arrays-iiith/exp-unsorted-arrays-iiith/experiment/posttest.json'
  ],
  c: 'assessment',
  contentTypes: 'assessment',
  'content-types': 'assessment',
  '$0': 'validate'
}
Validated true
