
/home/runner/work/exp-unsorted-arrays-iiith/exp-unsorted-arrays-iiith/experiment/binary-search/simulation/js/realization.js
  1:5  warning  'realizationCatalog' is assigned a value but never used  no-unused-vars

/home/runner/work/exp-unsorted-arrays-iiith/exp-unsorted-arrays-iiith/experiment/binary-search/simulation/js/search_demo.js
   23:2   warning  Unnecessary semicolon                  no-extra-semi
   26:10  warning  'randomise' is defined but never used  no-unused-vars
   45:14  warning  'i' is already defined                 no-redeclare
   99:26  warning  'i' is already defined                 no-redeclare
  105:22  warning  'i' is already defined                 no-redeclare
  123:13  warning  'i' is already defined                 no-redeclare

/home/runner/work/exp-unsorted-arrays-iiith/exp-unsorted-arrays-iiith/experiment/binary-search/simulation/js/search_exercise.js
   21:2   warning  Unnecessary semicolon                  no-extra-semi
   22:10  warning  'randomise' is defined but never used  no-unused-vars
   39:14  warning  'i' is already defined                 no-redeclare
  114:26  warning  'i' is already defined                 no-redeclare
  129:26  warning  'i' is already defined                 no-redeclare

/home/runner/work/exp-unsorted-arrays-iiith/exp-unsorted-arrays-iiith/experiment/binary-search/simulation/js/search_practice.js
  21:2   warning  Unnecessary semicolon                  no-extra-semi
  22:10  warning  'randomise' is defined but never used  no-unused-vars
  39:14  warning  'i' is already defined                 no-redeclare

/home/runner/work/exp-unsorted-arrays-iiith/exp-unsorted-arrays-iiith/experiment/linear-search/simulation/js/search_demo.js
   23:2   warning  Unnecessary semicolon                  no-extra-semi
   26:10  warning  'randomise' is defined but never used  no-unused-vars
   45:14  warning  'i' is already defined                 no-redeclare
   99:26  warning  'i' is already defined                 no-redeclare
  105:22  warning  'i' is already defined                 no-redeclare
  123:13  warning  'i' is already defined                 no-redeclare

/home/runner/work/exp-unsorted-arrays-iiith/exp-unsorted-arrays-iiith/experiment/posttest.js
  18:6   warning  'letter' is not defined  no-undef
  22:63  warning  'letter' is not defined  no-undef
  23:3   warning  'letter' is not defined  no-undef
  24:27  warning  'letter' is not defined  no-undef

✖ 25 problems (0 errors, 25 warnings)
  0 errors and 4 warnings potentially fixable with the `--fix` option.

