code-assessment.html     http://outreach.vlabs.ac.in/
feedback.html     http://outreach.vlabs.ac.in/
further-reading-and-references.html     http://outreach.vlabs.ac.in/
index.html     http://outreach.vlabs.ac.in/
overview.html     http://outreach.vlabs.ac.in/
performance-report.html     http://vlab.co.in
posttest.html     http://outreach.vlabs.ac.in/
pretest.html     http://outreach.vlabs.ac.in/
recap.html     http://outreach.vlabs.ac.in/
validator-report.html     http://vlab.co.in
analysis/analysis-quiz.html     http://outreach.vlabs.ac.in/
analysis/index.html     http://outreach.vlabs.ac.in/
analysis/overview.html     http://outreach.vlabs.ac.in/
analysis/time-and-space-complexity.html     http://outreach.vlabs.ac.in/
binary-search/basic-concept-binary-search.html     http://outreach.vlabs.ac.in/
binary-search/binary-search-algorithm.html     http://outreach.vlabs.ac.in/
binary-search/binary-search-quiz.html     http://outreach.vlabs.ac.in/
binary-search/index.html     http://outreach.vlabs.ac.in/
linear-search/basic-concept.html     http://outreach.vlabs.ac.in/
linear-search/index.html     http://outreach.vlabs.ac.in/
linear-search/linear-search-algorithm.html     http://outreach.vlabs.ac.in/
linear-search/linear-search-quiz.html     http://outreach.vlabs.ac.in/
